<?xml version="1.0" encoding="UTF-8"?>
<!-- Generated by org.testng.reporters.JUnitReportReporter -->
<testsuite hostname="DESKTOP" failures="0" tests="2" name="MavenAutomationPractice.MavenJava.RestAPITest" time="0.000" errors="0" timestamp="26 Jul 2020 04:50:14 GMT">
  <testcase classname="MavenAutomationPractice.MavenJava.RestAPITest" name="deleteTwitter" time="0.000"/>
  <testcase classname="MavenAutomationPractice.MavenJava.RestAPITest" name="postJira" time="0.000"/>
</testsuite> <!-- MavenAutomationPractice.MavenJava.RestAPITest -->
