<?xml version="1.0" encoding="UTF-8"?>
<!-- Generated by org.testng.reporters.JUnitReportReporter -->
<testsuite hostname="DESKTOP" failures="0" tests="1" name="MavenAutomationPractice.MavenJava.SeleniumTest" time="0.000" errors="0" timestamp="26 Jul 2020 04:50:14 GMT">
  <testcase classname="MavenAutomationPractice.MavenJava.SeleniumTest" name="BrowserAutomation" time="0.000"/>
</testsuite> <!-- MavenAutomationPractice.MavenJava.SeleniumTest -->
