<?xml version="1.0" encoding="UTF-8"?>
<!-- Generated by org.testng.reporters.JUnitReportReporter -->
<testsuite hostname="DESKTOP" failures="0" tests="2" name="MavenAutomationPractice.MavenJava.AppiumTest" time="0.008" errors="0" timestamp="26 Jul 2020 04:54:54 GMT">
  <testcase classname="MavenAutomationPractice.MavenJava.AppiumTest" name="iosApps" time="0.000"/>
  <testcase classname="MavenAutomationPractice.MavenJava.AppiumTest" name="AndroidApps" time="0.008"/>
</testsuite> <!-- MavenAutomationPractice.MavenJava.AppiumTest -->
